app/build/intermediates/manifest_merge_blame_file/release/manifest-merger-blame-release-report.txt
1<?xml version="1.0" encoding="utf-8"?>
2<manifest xmlns:android="http://schemas.android.com/apk/res/android"
3    package="jp.sio.testapp.mylocation"
4    android:versionCode="1"
5    android:versionName="1.0" >
6
7    <uses-sdk
8        android:minSdkVersion="30"
8-->src\main\AndroidManifest.xml
9        android:targetSdkVersion="30" />
9-->src\main\AndroidManifest.xml
10
11    <uses-permission android:name="android.permission.ACCESS_FINE_LOCATION" />
11-->src\main\AndroidManifest.xml:38:5-95
11-->src\main\AndroidManifest.xml:38:22-76
12    <uses-permission android:name="android.permission.ACCESS_COARSE_LOCATION" />
12-->src\main\AndroidManifest.xml:39:5-97
12-->src\main\AndroidManifest.xml:39:22-78
13    <uses-permission android:name="android.permission.ACCESS_LOCATION_EXTRA_COMMANDS" />
13-->src\main\AndroidManifest.xml:40:5-105
13-->src\main\AndroidManifest.xml:40:22-86
14    <uses-permission android:name="android.permission.ACCESS_NETWORK_STATE" />
14-->src\main\AndroidManifest.xml:41:5-95
14-->src\main\AndroidManifest.xml:41:22-76
15    <uses-permission android:name="android.permission.READ_EXTERNAL_STORAGE" />
15-->src\main\AndroidManifest.xml:42:5-96
15-->src\main\AndroidManifest.xml:42:22-77
16    <uses-permission android:name="android.permission.WRITE_EXTERNAL_STORAGE" />
16-->src\main\AndroidManifest.xml:43:5-97
16-->src\main\AndroidManifest.xml:43:22-78
17    <uses-permission android:name="android.permission.WAKE_LOCK" />
17-->src\main\AndroidManifest.xml:44:5-84
17-->src\main\AndroidManifest.xml:44:22-65
18    <uses-permission android:name="android.permission.INTERNET" />
18-->src\main\AndroidManifest.xml:45:5-83
18-->src\main\AndroidManifest.xml:45:22-64
19
20    <application
20-->src\main\AndroidManifest.xml:6:5-36:19
21        android:allowBackup="true"
21-->src\main\AndroidManifest.xml:7:9-35
22        android:appComponentFactory="androidx.core.app.CoreComponentFactory"
22-->[androidx.core:core:1.0.2] AndroidManifest.xml:22:18-86
23        android:extractNativeLibs="false"
24        android:icon="@mipmap/ic_launcher"
24-->src\main\AndroidManifest.xml:8:9-43
25        android:label="@string/app_name"
25-->src\main\AndroidManifest.xml:9:9-41
26        android:roundIcon="@mipmap/ic_launcher_round"
26-->src\main\AndroidManifest.xml:10:9-54
27        android:supportsRtl="true"
27-->src\main\AndroidManifest.xml:11:9-35
28        android:testOnly="true"
29        android:theme="@style/AppTheme" >
29-->src\main\AndroidManifest.xml:12:9-40
30
31        <!-- 縦方向に固定 -->
32        <activity
32-->src\main\AndroidManifest.xml:15:9-23:20
33            android:name="jp.sio.testapp.mylocation.Activity.MyLocationActivity"
33-->src\main\AndroidManifest.xml:15:19-62
34            android:screenOrientation="portrait" >
34-->src\main\AndroidManifest.xml:16:13-49
35            <intent-filter>
35-->src\main\AndroidManifest.xml:18:13-22:29
36                <action android:name="android.intent.action.MAIN" />
36-->src\main\AndroidManifest.xml:19:17-69
36-->src\main\AndroidManifest.xml:19:25-66
37
38                <category android:name="android.intent.category.LAUNCHER" />
38-->src\main\AndroidManifest.xml:21:17-77
38-->src\main\AndroidManifest.xml:21:27-74
39            </intent-filter>
40        </activity>
41        <activity
41-->src\main\AndroidManifest.xml:25:9-27:20
42            android:name="jp.sio.testapp.mylocation.Activity.SettingActivity"
42-->src\main\AndroidManifest.xml:25:19-59
43            android:screenOrientation="portrait" >
43-->src\main\AndroidManifest.xml:26:13-49
44        </activity>
45
46        <service android:name="jp.sio.testapp.mylocation.Service.UebService" />
46-->src\main\AndroidManifest.xml:29:9-63
46-->src\main\AndroidManifest.xml:29:18-52
47        <service android:name="jp.sio.testapp.mylocation.Service.UeaService" />
47-->src\main\AndroidManifest.xml:30:9-63
47-->src\main\AndroidManifest.xml:30:18-52
48        <service android:name="jp.sio.testapp.mylocation.Service.CurrentLocationService" />
48-->src\main\AndroidManifest.xml:31:9-75
48-->src\main\AndroidManifest.xml:31:18-64
49        <service android:name="jp.sio.testapp.mylocation.Service.NetworkService" />
49-->src\main\AndroidManifest.xml:32:9-67
49-->src\main\AndroidManifest.xml:32:18-56
50        <service android:name="jp.sio.testapp.mylocation.Service.IareaService" />
50-->src\main\AndroidManifest.xml:33:9-65
50-->src\main\AndroidManifest.xml:33:18-54
51        <service android:name="jp.sio.testapp.mylocation.Service.FlpService" />
51-->src\main\AndroidManifest.xml:34:9-63
51-->src\main\AndroidManifest.xml:34:18-52
52
53        <activity
53-->[com.google.android.gms:play-services-base:17.0.0] AndroidManifest.xml:23:9-26:75
54            android:name="com.google.android.gms.common.api.GoogleApiActivity"
54-->[com.google.android.gms:play-services-base:17.0.0] AndroidManifest.xml:24:13-79
55            android:exported="false"
55-->[com.google.android.gms:play-services-base:17.0.0] AndroidManifest.xml:25:13-37
56            android:theme="@android:style/Theme.Translucent.NoTitleBar" />
56-->[com.google.android.gms:play-services-base:17.0.0] AndroidManifest.xml:26:13-72
57
58        <meta-data
58-->[com.google.android.gms:play-services-basement:17.0.0] AndroidManifest.xml:23:9-25:69
59            android:name="com.google.android.gms.version"
59-->[com.google.android.gms:play-services-basement:17.0.0] AndroidManifest.xml:24:13-58
60            android:value="@integer/google_play_services_version" />
60-->[com.google.android.gms:play-services-basement:17.0.0] AndroidManifest.xml:25:13-66
61    </application>
62
63</manifest>